f:\wugesth\wugecode\ctp\projects\ctpquoteserver\ctpquoteserver\x64\debug\vc120.pdb
f:\wugesth\wugecode\ctp\projects\ctpquoteserver\ctpquoteserver\x64\debug\tinyxmlparser.obj
f:\wugesth\wugecode\ctp\projects\ctpquoteserver\ctpquoteserver\x64\debug\tinyxmlerror.obj
f:\wugesth\wugecode\ctp\projects\ctpquoteserver\ctpquoteserver\x64\debug\tinyxml.obj
f:\wugesth\wugecode\ctp\projects\ctpquoteserver\ctpquoteserver\x64\debug\tinystr.obj
f:\wugesth\wugecode\ctp\projects\ctpquoteserver\ctpquoteserver\x64\debug\mdspi.obj
f:\wugesth\wugecode\ctp\projects\ctpquoteserver\ctpquoteserver\x64\debug\main.obj
f:\wugesth\wugecode\ctp\projects\ctpquoteserver\ctpquoteserver\x64\debug\moc_mdspi.obj
f:\wugesth\wugecode\ctp\projects\ctpquoteserver\ctpquoteserver\x64\debug\moc_ctpquoteserver.obj
f:\wugesth\wugecode\ctp\projects\ctpquoteserver\ctpquoteserver\x64\debug\ctpquoteserver.obj
f:\wugesth\wugecode\ctp\projects\ctpquoteserver\ctpquoteserver\x64\debug\qrc_ctpquoteserver.obj
f:\wugesth\wugecode\ctp\projects\ctpquoteserver\ctpquoteserver\generatedfiles\ui_ctpquoteserver.h
f:\wugesth\wugecode\ctp\projects\ctpquoteserver\ctpquoteserver\generatedfiles\qrc_ctpquoteserver.cpp
f:\wugesth\wugecode\ctp\projects\ctpquoteserver\ctpquoteserver\generatedfiles\debug\moc_ctpquoteserver.cpp
f:\wugesth\wugecode\ctp\projects\ctpquoteserver\ctpquoteserver\generatedfiles\debug\moc_mdspi.cpp
f:\wugesth\wugecode\ctp\projects\ctpquoteserver\x64\debug\ctpquoteserver.ilk
f:\wugesth\wugecode\ctp\projects\ctpquoteserver\x64\debug\ctpquoteserver.exe
f:\wugesth\wugecode\ctp\projects\ctpquoteserver\x64\debug\ctpquoteserver.pdb
d:\qtproject\ctpquoteserver\ctpquoteserver\x64\debug\ctpquoteserver.obj
d:\qtproject\ctpquoteserver\ctpquoteserver\x64\debug\main.obj
d:\qtproject\ctpquoteserver\ctpquoteserver\x64\debug\mdspi.obj
d:\qtproject\ctpquoteserver\ctpquoteserver\x64\debug\moc_ctpquoteserver.obj
d:\qtproject\ctpquoteserver\ctpquoteserver\x64\debug\moc_mdspi.obj
d:\qtproject\ctpquoteserver\ctpquoteserver\x64\debug\qrc_ctpquoteserver.obj
d:\qtproject\ctpquoteserver\ctpquoteserver\x64\debug\tinystr.obj
d:\qtproject\ctpquoteserver\ctpquoteserver\x64\debug\tinyxml.obj
d:\qtproject\ctpquoteserver\ctpquoteserver\x64\debug\tinyxmlerror.obj
d:\qtproject\ctpquoteserver\ctpquoteserver\x64\debug\tinyxmlparser.obj
d:\qtproject\ctpquoteserver\ctpquoteserver\x64\debug\vc120.pdb
d:\qtproject\ctpquoteserver\x64\debug\ctpquoteserver.pdb
d:\qtproject\ctpquoteserver\x64\debug\ctpquoteserver.exe
d:\qtproject\ctpquoteserver\x64\debug\ctpquoteserver.ilk
d:\qtproject\ctpquoteserver\ctpquoteserver\x64\debug\ctpquoteserver.tlog\cl.command.1.tlog
d:\qtproject\ctpquoteserver\ctpquoteserver\x64\debug\ctpquoteserver.tlog\cl.read.1.tlog
d:\qtproject\ctpquoteserver\ctpquoteserver\x64\debug\ctpquoteserver.tlog\cl.write.1.tlog
d:\qtproject\ctpquoteserver\ctpquoteserver\x64\debug\ctpquoteserver.tlog\custombuild.command.1.tlog
d:\qtproject\ctpquoteserver\ctpquoteserver\x64\debug\ctpquoteserver.tlog\custombuild.read.1.tlog
d:\qtproject\ctpquoteserver\ctpquoteserver\x64\debug\ctpquoteserver.tlog\custombuild.write.1.tlog
d:\qtproject\ctpquoteserver\ctpquoteserver\x64\debug\ctpquoteserver.tlog\link.command.1.tlog
d:\qtproject\ctpquoteserver\ctpquoteserver\x64\debug\ctpquoteserver.tlog\link.read.1.tlog
d:\qtproject\ctpquoteserver\ctpquoteserver\x64\debug\ctpquoteserver.tlog\link.write.1.tlog
